<?xml version="1.0" encoding="UTF-8"?>
<!-- Generated by org.testng.reporters.JUnitReportReporter -->
<testsuite hostname="NaveensHP" failures="0" tests="2" name="Academy.operationalTestcases" time="0.931" errors="0" timestamp="19 Mar 2021 16:23:04 GMT">
  <testcase classname="Academy.operationalTestcases" name="deletekeycheck" time="0.371"/>
  <testcase classname="Academy.operationalTestcases" name="checknumbersworking" time="0.560"/>
</testsuite> <!-- Academy.operationalTestcases -->
