<?xml version="1.0" encoding="UTF-8"?>
<!-- Generated by org.testng.reporters.JUnitReportReporter -->
<testsuite hostname="NaveensHP" failures="0" tests="5" name="Academy.FunctionalTest" time="2.138" errors="0" timestamp="19 Mar 2021 16:23:04 GMT">
  <testcase classname="Academy.FunctionalTest" name="DIVTest" time="0.280"/>
  <testcase classname="Academy.FunctionalTest" name="addtest" time="0.440"/>
  <testcase classname="Academy.FunctionalTest" name="MultiplicationTest" time="0.298"/>
  <testcase classname="Academy.FunctionalTest" name="BODMAStest" time="0.749"/>
  <testcase classname="Academy.FunctionalTest" name="subtest" time="0.371"/>
</testsuite> <!-- Academy.FunctionalTest -->
