<?xml version="1.0" encoding="UTF-8"?>
<!-- Generated by org.testng.reporters.JUnitReportReporter -->
<testsuite hostname="NaveensHP" failures="0" tests="5" name="Academy.FunctionalTest" time="5.627" errors="0" timestamp="2021-03-18T16:52:49 EDT" skipped="0">
  <testcase classname="Academy.FunctionalTest" name="BODMAStest" time="2.871"/>
  <system-out/>
  <testcase classname="Academy.FunctionalTest" name="addtest" time="0.813"/>
  <system-out/>
  <testcase classname="Academy.FunctionalTest" name="subtest" time="0.763"/>
  <system-out/>
  <testcase classname="Academy.FunctionalTest" name="MultiplicationTest" time="0.511"/>
  <system-out/>
  <testcase classname="Academy.FunctionalTest" name="DIVTest" time="0.669"/>
  <system-out/>
</testsuite> <!-- Academy.FunctionalTest -->
