<?xml version="1.0" encoding="UTF-8"?>
<!-- Generated by org.testng.reporters.JUnitReportReporter -->
<testsuite hostname="NaveensHP" failures="0" tests="4" name="Academy.PositiveTest" time="1.349" errors="0" timestamp="2021-03-18T14:39:56 EDT" skipped="0">
  <testcase classname="Academy.PositiveTest" name="subtest" time="0.303"/>
  <system-out/>
  <testcase classname="Academy.PositiveTest" name="MultiplicationTest" time="0.323"/>
  <system-out/>
  <testcase classname="Academy.PositiveTest" name="DIVTest" time="0.463"/>
  <system-out/>
  <testcase classname="Academy.PositiveTest" name="addtest" time="0.260"/>
  <system-out/>
</testsuite> <!-- Academy.PositiveTest -->
