<?xml version="1.0" encoding="UTF-8"?>
<!-- Generated by org.testng.reporters.JUnitReportReporter -->
<testsuite hostname="NaveensHP" failures="0" tests="2" name="Academy.operationalTestcases" time="1.164" errors="0" timestamp="2021-03-18T16:52:49 EDT" skipped="0">
  <testcase classname="Academy.operationalTestcases" name="deletekeycheck" time="0.258"/>
  <system-out/>
  <testcase classname="Academy.operationalTestcases" name="checknumbersworking" time="0.906"/>
  <system-out/>
</testsuite> <!-- Academy.operationalTestcases -->
